mode: set
_/Users/KyleGoss/Documents/Projects/annotationFinder/annotations.go:23.13,28.2 4 0
_/Users/KyleGoss/Documents/Projects/annotationFinder/annotations.go:30.37,33.81 2 1
_/Users/KyleGoss/Documents/Projects/annotationFinder/annotations.go:48.2,48.16 1 1
_/Users/KyleGoss/Documents/Projects/annotationFinder/annotations.go:52.2,52.14 1 1
_/Users/KyleGoss/Documents/Projects/annotationFinder/annotations.go:33.81,34.17 1 1
_/Users/KyleGoss/Documents/Projects/annotationFinder/annotations.go:38.3,38.34 1 1
_/Users/KyleGoss/Documents/Projects/annotationFinder/annotations.go:45.3,45.13 1 1
_/Users/KyleGoss/Documents/Projects/annotationFinder/annotations.go:34.17,37.4 2 0
_/Users/KyleGoss/Documents/Projects/annotationFinder/annotations.go:38.34,39.36 1 1
_/Users/KyleGoss/Documents/Projects/annotationFinder/annotations.go:39.36,41.5 1 1
_/Users/KyleGoss/Documents/Projects/annotationFinder/annotations.go:42.4,44.4 1 0
_/Users/KyleGoss/Documents/Projects/annotationFinder/annotations.go:48.16,50.3 1 0
_/Users/KyleGoss/Documents/Projects/annotationFinder/annotations.go:55.42,60.9 4 1
_/Users/KyleGoss/Documents/Projects/annotationFinder/annotations.go:64.2,64.24 1 1
_/Users/KyleGoss/Documents/Projects/annotationFinder/annotations.go:69.2,69.14 1 1
_/Users/KyleGoss/Documents/Projects/annotationFinder/annotations.go:60.9,62.3 1 1
_/Users/KyleGoss/Documents/Projects/annotationFinder/annotations.go:64.24,65.16 1 1
_/Users/KyleGoss/Documents/Projects/annotationFinder/annotations.go:65.16,67.4 1 1
_/Users/KyleGoss/Documents/Projects/annotationFinder/annotations.go:72.62,78.29 2 1
_/Users/KyleGoss/Documents/Projects/annotationFinder/annotations.go:96.2,96.20 1 1
_/Users/KyleGoss/Documents/Projects/annotationFinder/annotations.go:78.29,81.22 3 1
_/Users/KyleGoss/Documents/Projects/annotationFinder/annotations.go:81.22,82.57 1 1
_/Users/KyleGoss/Documents/Projects/annotationFinder/annotations.go:86.4,86.58 1 1
_/Users/KyleGoss/Documents/Projects/annotationFinder/annotations.go:90.4,90.60 1 1
_/Users/KyleGoss/Documents/Projects/annotationFinder/annotations.go:82.57,85.5 1 1
_/Users/KyleGoss/Documents/Projects/annotationFinder/annotations.go:86.58,89.5 1 1
_/Users/KyleGoss/Documents/Projects/annotationFinder/annotations.go:90.60,93.5 1 1
_/Users/KyleGoss/Documents/Projects/annotationFinder/annotations.go:99.54,101.26 2 1
_/Users/KyleGoss/Documents/Projects/annotationFinder/annotations.go:110.2,110.13 1 1
_/Users/KyleGoss/Documents/Projects/annotationFinder/annotations.go:101.26,102.17 1 1
_/Users/KyleGoss/Documents/Projects/annotationFinder/annotations.go:102.17,104.24 2 1
_/Users/KyleGoss/Documents/Projects/annotationFinder/annotations.go:107.4,107.22 1 1
_/Users/KyleGoss/Documents/Projects/annotationFinder/annotations.go:104.24,106.5 1 1
_/Users/KyleGoss/Documents/Projects/annotationFinder/annotations.go:113.32,116.16 2 0
_/Users/KyleGoss/Documents/Projects/annotationFinder/annotations.go:120.2,120.16 1 0
_/Users/KyleGoss/Documents/Projects/annotationFinder/annotations.go:137.2,137.34 1 0
_/Users/KyleGoss/Documents/Projects/annotationFinder/annotations.go:116.16,118.3 1 0
_/Users/KyleGoss/Documents/Projects/annotationFinder/annotations.go:120.16,123.15 2 0
_/Users/KyleGoss/Documents/Projects/annotationFinder/annotations.go:127.3,133.54 4 0
_/Users/KyleGoss/Documents/Projects/annotationFinder/annotations.go:123.15,125.4 1 0
_/Users/KyleGoss/Documents/Projects/annotationFinder/annotations.go:134.3,136.3 1 0
_/Users/KyleGoss/Documents/Projects/annotationFinder/annotations.go:137.34,139.3 1 0
