mode: set
./annotations.go:18.13,22.2 3 1
./annotations.go:29.13,35.2 5 1
./annotations.go:37.37,40.20 2 1
./annotations.go:63.2,63.14 1 1
./annotations.go:40.20,42.3 1 1
./annotations.go:42.3,43.82 1 1
./annotations.go:58.3,58.17 1 1
./annotations.go:43.82,44.18 1 1
./annotations.go:48.4,48.35 1 1
./annotations.go:55.4,55.14 1 1
./annotations.go:44.18,47.5 2 0
./annotations.go:48.35,49.37 1 1
./annotations.go:49.37,51.6 1 1
./annotations.go:52.5,54.5 1 1
./annotations.go:58.17,60.4 1 0
./annotations.go:66.42,71.9 4 1
./annotations.go:75.2,75.24 1 1
./annotations.go:80.2,80.14 1 1
./annotations.go:71.9,73.3 1 1
./annotations.go:75.24,76.16 1 1
./annotations.go:76.16,78.4 1 1
./annotations.go:83.62,89.29 2 1
./annotations.go:107.2,107.20 1 1
./annotations.go:89.29,92.22 3 1
./annotations.go:92.22,93.57 1 1
./annotations.go:97.4,97.58 1 1
./annotations.go:101.4,101.60 1 1
./annotations.go:93.57,96.5 1 1
./annotations.go:97.58,100.5 1 1
./annotations.go:101.60,104.5 1 1
./annotations.go:110.54,112.26 2 1
./annotations.go:121.2,121.13 1 1
./annotations.go:112.26,113.17 1 1
./annotations.go:113.17,115.24 2 1
./annotations.go:118.4,118.22 1 1
./annotations.go:115.24,117.5 1 1
./annotations.go:124.26,127.16 2 1
./annotations.go:131.2,131.16 1 1
./annotations.go:148.2,148.34 1 1
./annotations.go:127.16,129.3 1 0
./annotations.go:131.16,134.15 2 1
./annotations.go:138.3,144.53 4 1
./annotations.go:134.15,136.4 1 0
./annotations.go:145.3,147.3 1 0
./annotations.go:148.34,150.3 1 0
